<?xml version="1.0" encoding="UTF-8"?>
<!-- Generated by org.testng.reporters.JUnitXMLReporter -->
<testsuite hostname="DESKTOP-86ES58S" ignored="0" name="Test" tests="1" failures="1" timestamp="22 May 2017 11:09:06 GMT" time="28.833" errors="0">
  <testcase name="salaries" time="12.496" classname="aca.first.test.MyFirstWebDriverTest">
    <failure type="java.lang.AssertionError" message="expected [Salary, pay, bonus of female employees  | Fairygodboss] but found [Salary, pay, bonus of female employees | Fairygodboss]">
      <![CDATA[java.lang.AssertionError: expected [Salary, pay, bonus of female employees  | Fairygodboss] but found [Salary, pay, bonus of female employees | Fairygodboss]
	at aca.first.test.MyFirstWebDriverTest.salaries(MyFirstWebDriverTest.java:97)
... Removed 34 stack frames]]>
    </failure>
  </testcase> <!-- salaries -->
</testsuite> <!-- Test -->
