<?xml version="1.0" encoding="UTF-8"?>
<testng-results skipped="0" failed="0" ignored="0" total="1" passed="1">
  <reporter-output>
  </reporter-output>
  <suite name="QE ACA First Suite" duration-ms="17596" started-at="2017-04-08T08:54:31Z" finished-at="2017-04-08T08:54:48Z">
    <groups>
    </groups>
    <test name="Test" duration-ms="17596" started-at="2017-04-08T08:54:31Z" finished-at="2017-04-08T08:54:48Z">
      <class name="aca.first.test.MyFirstWebDriverTest">
        <test-method status="PASS" signature="myFirstTest()[pri:0, instance:aca.first.test.MyFirstWebDriverTest@6442b0a6]" name="myFirstTest" duration-ms="17571" started-at="2017-04-08T12:54:31Z" finished-at="2017-04-08T12:54:48Z">
          <reporter-output>
          </reporter-output>
        </test-method> <!-- myFirstTest -->
      </class> <!-- aca.first.test.MyFirstWebDriverTest -->
    </test> <!-- Test -->
  </suite> <!-- QE ACA First Suite -->
</testng-results>
