-------------------------------------------------------------------------------
Test set: TestSuite
-------------------------------------------------------------------------------
Tests run: 1, Failures: 1, Errors: 0, Skipped: 0, Time elapsed: 0.852 sec <<< FAILURE! - in TestSuite
myFirstTest(aca.first.test.MyFirstWebDriverTest)  Time elapsed: 0.167 sec  <<< FAILURE!
java.lang.IllegalStateException: The path to the driver executable must be set by the webdriver.gecko.driver system property; for more information, see https://github.com/mozilla/geckodriver. The latest version can be downloaded from https://github.com/mozilla/geckodriver/releases
	at aca.first.test.MyFirstWebDriverTest.myFirstTest(MyFirstWebDriverTest.java:17)

